<?xml version="1.0" encoding="UTF-8"?>
<testsuite xmlns:xsi="http://www.w3.org/2001/XMLSchema-instance" xsi:noNamespaceSchemaLocation="https://maven.apache.org/surefire/maven-surefire-plugin/xsd/surefire-test-report.xsd" name="io.vertx.starter.TestMainVerticle" time="10.766" tests="1" errors="1" skipped="0" failures="0">
  <properties>
[...]
</properties>
  <testcase name="start_http_server{Vertx, VertxTestContext}" classname="io.vertx.starter.TestMainVerticle" time="10.761">
    <error message="The test execution timed out" type="java.util.concurrent.TimeoutException">java.util.concurrent.TimeoutException: The test execution timed out
</error>
    <system-err><![CDATA[Nov 15, 2018 11:06:20 AM io.vertx.core.http.impl.HttpClientRequestImpl
SEVERE: io.netty.channel.AbstractChannel$AnnotatedConnectException: Connection refused: localhost/127.0.0.1:8080
]]></system-err>
  </testcase>
</testsuite>